2017-05-24 15:33:52,869 - Log4JLogChute initialized using file 'velocity.log'
2017-05-24 15:33:52,870 - Initializing Velocity, Calling init()...
2017-05-24 15:33:52,870 - Starting Apache Velocity v1.7 (compiled: 2010-11-19 12:14:37)
2017-05-24 15:33:52,871 - Default Properties File: org\apache\velocity\runtime\defaults\velocity.properties
2017-05-24 15:33:52,871 - Trying to use logger class org.apache.velocity.runtime.log.AvalonLogChute
2017-05-24 15:33:52,871 - Target log system for org.apache.velocity.runtime.log.AvalonLogChute is not available (java.lang.NoClassDefFoundError: org/apache/log/format/Formatter).  Falling back to next log system...
2017-05-24 15:33:52,871 - Trying to use logger class org.apache.velocity.runtime.log.Log4JLogChute
2017-05-24 15:33:52,872 - Using logger class org.apache.velocity.runtime.log.Log4JLogChute
2017-05-24 15:33:52,901 - ResourceLoader instantiated: org.apache.velocity.runtime.resource.loader.ClasspathResourceLoader
2017-05-24 15:33:53,116 - ResourceCache: initialized (class org.apache.velocity.runtime.resource.ResourceCacheImpl) with class java.util.Collections$SynchronizedMap cache map.
2017-05-24 15:33:53,129 - Loaded System Directive: org.apache.velocity.runtime.directive.Stop
2017-05-24 15:33:53,138 - Loaded System Directive: org.apache.velocity.runtime.directive.Define
2017-05-24 15:33:53,143 - Loaded System Directive: org.apache.velocity.runtime.directive.Break
2017-05-24 15:33:53,149 - Loaded System Directive: org.apache.velocity.runtime.directive.Evaluate
2017-05-24 15:33:53,154 - Loaded System Directive: org.apache.velocity.runtime.directive.Literal
2017-05-24 15:33:53,163 - Loaded System Directive: org.apache.velocity.runtime.directive.Macro
2017-05-24 15:33:53,172 - Loaded System Directive: org.apache.velocity.runtime.directive.Parse
2017-05-24 15:33:53,181 - Loaded System Directive: org.apache.velocity.runtime.directive.Include
2017-05-24 15:33:53,187 - Loaded System Directive: org.apache.velocity.runtime.directive.Foreach
2017-05-24 15:33:53,290 - Created '20' parsers.
2017-05-24 15:33:53,350 - Velocimacro : "velocimacro.library" is not set.  Trying default library: VM_global_library.vm
2017-05-24 15:33:53,357 - Could not load resource 'VM_global_library.vm' from ResourceLoader org.apache.velocity.runtime.resource.loader.ClasspathResourceLoader: ClasspathResourceLoader Error: cannot find resource VM_global_library.vm
2017-05-24 15:33:53,357 - Velocimacro : Default library not found.
2017-05-24 15:33:53,357 - Velocimacro : allowInline = true : VMs can be defined inline in templates
2017-05-24 15:33:53,357 - Velocimacro : allowInlineToOverride = false : VMs defined inline may NOT replace previous VM definitions
2017-05-24 15:33:53,357 - Velocimacro : allowInlineLocal = false : VMs defined inline will be global in scope if allowed.
2017-05-24 15:33:53,357 - Velocimacro : autoload off : VM system will not automatically reload global library macros
2017-05-24 15:33:53,384 - ResourceManager : unable to find resource 'template/Entity.java.vm' in any resource loader.
2017-05-25 08:14:38,177 - Log4JLogChute initialized using file 'velocity.log'
2017-05-25 08:14:38,178 - Initializing Velocity, Calling init()...
2017-05-25 08:14:38,178 - Starting Apache Velocity v1.7 (compiled: 2010-11-19 12:14:37)
2017-05-25 08:14:38,178 - Default Properties File: org\apache\velocity\runtime\defaults\velocity.properties
2017-05-25 08:14:38,178 - Trying to use logger class org.apache.velocity.runtime.log.AvalonLogChute
2017-05-25 08:14:38,178 - Target log system for org.apache.velocity.runtime.log.AvalonLogChute is not available (java.lang.NoClassDefFoundError: org/apache/log/format/Formatter).  Falling back to next log system...
2017-05-25 08:14:38,178 - Trying to use logger class org.apache.velocity.runtime.log.Log4JLogChute
2017-05-25 08:14:38,178 - Using logger class org.apache.velocity.runtime.log.Log4JLogChute
2017-05-25 08:14:38,184 - ResourceLoader instantiated: org.apache.velocity.runtime.resource.loader.ClasspathResourceLoader
2017-05-25 08:14:38,198 - ResourceCache: initialized (class org.apache.velocity.runtime.resource.ResourceCacheImpl) with class java.util.Collections$SynchronizedMap cache map.
2017-05-25 08:14:38,199 - Loaded System Directive: org.apache.velocity.runtime.directive.Stop
2017-05-25 08:14:38,201 - Loaded System Directive: org.apache.velocity.runtime.directive.Define
2017-05-25 08:14:38,202 - Loaded System Directive: org.apache.velocity.runtime.directive.Break
2017-05-25 08:14:38,203 - Loaded System Directive: org.apache.velocity.runtime.directive.Evaluate
2017-05-25 08:14:38,204 - Loaded System Directive: org.apache.velocity.runtime.directive.Literal
2017-05-25 08:14:38,205 - Loaded System Directive: org.apache.velocity.runtime.directive.Macro
2017-05-25 08:14:38,207 - Loaded System Directive: org.apache.velocity.runtime.directive.Parse
2017-05-25 08:14:38,209 - Loaded System Directive: org.apache.velocity.runtime.directive.Include
2017-05-25 08:14:38,210 - Loaded System Directive: org.apache.velocity.runtime.directive.Foreach
2017-05-25 08:14:38,242 - Created '20' parsers.
2017-05-25 08:14:38,454 - Velocimacro : "velocimacro.library" is not set.  Trying default library: VM_global_library.vm
2017-05-25 08:14:38,455 - Could not load resource 'VM_global_library.vm' from ResourceLoader org.apache.velocity.runtime.resource.loader.ClasspathResourceLoader: ClasspathResourceLoader Error: cannot find resource VM_global_library.vm
2017-05-25 08:14:38,455 - Velocimacro : Default library not found.
2017-05-25 08:14:38,455 - Velocimacro : allowInline = true : VMs can be defined inline in templates
2017-05-25 08:14:38,455 - Velocimacro : allowInlineToOverride = false : VMs defined inline may NOT replace previous VM definitions
2017-05-25 08:14:38,455 - Velocimacro : allowInlineLocal = false : VMs defined inline will be global in scope if allowed.
2017-05-25 08:14:38,455 - Velocimacro : autoload off : VM system will not automatically reload global library macros
2017-05-25 08:14:38,474 - ResourceManager : found template/Entity.java.vm with loader org.apache.velocity.runtime.resource.loader.ClasspathResourceLoader
2017-05-25 08:14:38,494 - ResourceManager : found template/Dao.java.vm with loader org.apache.velocity.runtime.resource.loader.ClasspathResourceLoader
2017-05-25 08:14:38,508 - ResourceManager : found template/Dao.xml.vm with loader org.apache.velocity.runtime.resource.loader.ClasspathResourceLoader
2017-05-25 08:14:38,525 - ResourceManager : found template/Service.java.vm with loader org.apache.velocity.runtime.resource.loader.ClasspathResourceLoader
2017-05-25 08:14:38,527 - ResourceManager : found template/ServiceImpl.java.vm with loader org.apache.velocity.runtime.resource.loader.ClasspathResourceLoader
2017-05-25 08:14:38,530 - ResourceManager : found template/Controller.java.vm with loader org.apache.velocity.runtime.resource.loader.ClasspathResourceLoader
2017-05-25 08:14:38,532 - ResourceManager : found template/list.jsp.vm with loader org.apache.velocity.runtime.resource.loader.ClasspathResourceLoader
2017-05-25 08:14:38,533 - Null reference [template 'template/list.jsp.vm', line 7, column 22] : ${basePath} cannot be resolved.
2017-05-25 08:14:38,533 - Null reference [template 'template/list.jsp.vm', line 13, column 25] : $save cannot be resolved.
2017-05-25 08:14:38,533 - Null reference [template 'template/list.jsp.vm', line 15, column 25] : $end cannot be resolved.
2017-05-25 08:14:38,533 - Null reference [template 'template/list.jsp.vm', line 16, column 25] : $update cannot be resolved.
2017-05-25 08:14:38,533 - Null reference [template 'template/list.jsp.vm', line 18, column 25] : $end cannot be resolved.
2017-05-25 08:14:38,533 - Null reference [template 'template/list.jsp.vm', line 19, column 25] : $delete cannot be resolved.
2017-05-25 08:14:38,533 - Null reference [template 'template/list.jsp.vm', line 21, column 25] : $end cannot be resolved.
2017-05-25 08:14:38,533 - Null reference [template 'template/list.jsp.vm', line 49, column 14] : ${rc.contextPath} cannot be resolved.
2017-05-25 08:14:38,533 - Null reference [template 'template/list.jsp.vm', line 49, column 63] : ${date.systemTime} cannot be resolved.
2017-05-25 08:14:38,537 - ResourceManager : found template/list.js.vm with loader org.apache.velocity.runtime.resource.loader.ClasspathResourceLoader
